2024-04-10T07:03:25+00:00 ERROR Error getting data feed
2024-04-10T07:03:25+00:00 ERROR WP_Error Object
(
    [errors] => Array
        (
            [http_request_failed] => Array
                (
                    [0] => cURL error 60: SSL certificate problem: unable to get local issuer certificate
                )

        )

    [error_data] => Array
        (
        )

    [additional_data:protected] => Array
        (
        )

)

2024-04-10T07:23:00+00:00 ERROR Error getting data feed
2024-04-10T07:23:00+00:00 ERROR WP_Error Object
(
    [errors] => Array
        (
            [http_request_failed] => Array
                (
                    [0] => cURL error 60: SSL certificate problem: unable to get local issuer certificate
                )

        )

    [error_data] => Array
        (
        )

    [additional_data:protected] => Array
        (
        )

)

2024-04-10T07:23:00+00:00 ERROR Error getting data feed
2024-04-10T07:23:00+00:00 ERROR WP_Error Object
(
    [errors] => Array
        (
            [http_request_failed] => Array
                (
                    [0] => cURL error 60: SSL certificate problem: unable to get local issuer certificate
                )

        )

    [error_data] => Array
        (
        )

    [additional_data:protected] => Array
        (
        )

)

2024-04-10T07:23:00+00:00 ERROR Error getting data feed
2024-04-10T07:23:00+00:00 ERROR WP_Error Object
(
    [errors] => Array
        (
            [http_request_failed] => Array
                (
                    [0] => cURL error 60: SSL certificate problem: unable to get local issuer certificate
                )

        )

    [error_data] => Array
        (
        )

    [additional_data:protected] => Array
        (
        )

)

2024-04-10T07:23:00+00:00 ERROR Error getting data feed
2024-04-10T07:23:00+00:00 ERROR WP_Error Object
(
    [errors] => Array
        (
            [http_request_failed] => Array
                (
                    [0] => cURL error 60: SSL certificate problem: unable to get local issuer certificate
                )

        )

    [error_data] => Array
        (
        )

    [additional_data:protected] => Array
        (
        )

)

2024-04-10T07:23:04+00:00 ERROR Error getting data feed
2024-04-10T07:23:04+00:00 ERROR WP_Error Object
(
    [errors] => Array
        (
            [http_request_failed] => Array
                (
                    [0] => cURL error 60: SSL certificate problem: unable to get local issuer certificate
                )

        )

    [error_data] => Array
        (
        )

    [additional_data:protected] => Array
        (
        )

)

2024-04-10T07:23:04+00:00 ERROR Error getting data feed
2024-04-10T07:23:04+00:00 ERROR WP_Error Object
(
    [errors] => Array
        (
            [http_request_failed] => Array
                (
                    [0] => cURL error 60: SSL certificate problem: unable to get local issuer certificate
                )

        )

    [error_data] => Array
        (
        )

    [additional_data:protected] => Array
        (
        )

)

2024-04-10T07:23:05+00:00 ERROR Error getting data feed
2024-04-10T07:23:05+00:00 ERROR WP_Error Object
(
    [errors] => Array
        (
            [http_request_failed] => Array
                (
                    [0] => cURL error 60: SSL certificate problem: unable to get local issuer certificate
                )

        )

    [error_data] => Array
        (
        )

    [additional_data:protected] => Array
        (
        )

)

2024-04-10T07:23:05+00:00 ERROR Error getting data feed
2024-04-10T07:23:05+00:00 ERROR WP_Error Object
(
    [errors] => Array
        (
            [http_request_failed] => Array
                (
                    [0] => cURL error 60: SSL certificate problem: unable to get local issuer certificate
                )

        )

    [error_data] => Array
        (
        )

    [additional_data:protected] => Array
        (
        )

)

2024-04-10T07:23:05+00:00 ERROR Error getting data feed
2024-04-10T07:23:05+00:00 ERROR WP_Error Object
(
    [errors] => Array
        (
            [http_request_failed] => Array
                (
                    [0] => cURL error 60: SSL certificate problem: unable to get local issuer certificate
                )

        )

    [error_data] => Array
        (
        )

    [additional_data:protected] => Array
        (
        )

)

2024-04-10T07:23:05+00:00 ERROR Error getting data feed
2024-04-10T07:23:05+00:00 ERROR WP_Error Object
(
    [errors] => Array
        (
            [http_request_failed] => Array
                (
                    [0] => cURL error 60: SSL certificate problem: unable to get local issuer certificate
                )

        )

    [error_data] => Array
        (
        )

    [additional_data:protected] => Array
        (
        )

)

2024-04-10T07:23:05+00:00 ERROR Error getting data feed
2024-04-10T07:23:05+00:00 ERROR WP_Error Object
(
    [errors] => Array
        (
            [http_request_failed] => Array
                (
                    [0] => cURL error 60: SSL certificate problem: unable to get local issuer certificate
                )

        )

    [error_data] => Array
        (
        )

    [additional_data:protected] => Array
        (
        )

)

2024-04-10T07:23:05+00:00 ERROR Error getting data feed
2024-04-10T07:23:05+00:00 ERROR WP_Error Object
(
    [errors] => Array
        (
            [http_request_failed] => Array
                (
                    [0] => cURL error 60: SSL certificate problem: unable to get local issuer certificate
                )

        )

    [error_data] => Array
        (
        )

    [additional_data:protected] => Array
        (
        )

)

2024-04-10T07:23:06+00:00 ERROR Error getting data feed
2024-04-10T07:23:06+00:00 ERROR WP_Error Object
(
    [errors] => Array
        (
            [http_request_failed] => Array
                (
                    [0] => cURL error 60: SSL certificate problem: unable to get local issuer certificate
                )

        )

    [error_data] => Array
        (
        )

    [additional_data:protected] => Array
        (
        )

)

2024-04-10T07:23:06+00:00 ERROR Error getting data feed
2024-04-10T07:23:06+00:00 ERROR WP_Error Object
(
    [errors] => Array
        (
            [http_request_failed] => Array
                (
                    [0] => cURL error 60: SSL certificate problem: unable to get local issuer certificate
                )

        )

    [error_data] => Array
        (
        )

    [additional_data:protected] => Array
        (
        )

)

2024-04-10T07:23:12+00:00 ERROR Error getting data feed
2024-04-10T07:23:12+00:00 ERROR WP_Error Object
(
    [errors] => Array
        (
            [http_request_failed] => Array
                (
                    [0] => cURL error 60: SSL certificate problem: unable to get local issuer certificate
                )

        )

    [error_data] => Array
        (
        )

    [additional_data:protected] => Array
        (
        )

)

2024-04-10T07:23:19+00:00 ERROR Error getting data feed
2024-04-10T07:23:19+00:00 ERROR WP_Error Object
(
    [errors] => Array
        (
            [http_request_failed] => Array
                (
                    [0] => cURL error 60: SSL certificate problem: unable to get local issuer certificate
                )

        )

    [error_data] => Array
        (
        )

    [additional_data:protected] => Array
        (
        )

)

2024-04-10T07:23:20+00:00 ERROR Error getting data feed
2024-04-10T07:23:20+00:00 ERROR WP_Error Object
(
    [errors] => Array
        (
            [http_request_failed] => Array
                (
                    [0] => cURL error 60: SSL certificate problem: unable to get local issuer certificate
                )

        )

    [error_data] => Array
        (
        )

    [additional_data:protected] => Array
        (
        )

)

2024-04-10T07:23:20+00:00 ERROR Error getting data feed
2024-04-10T07:23:20+00:00 ERROR WP_Error Object
(
    [errors] => Array
        (
            [http_request_failed] => Array
                (
                    [0] => cURL error 60: SSL certificate problem: unable to get local issuer certificate
                )

        )

    [error_data] => Array
        (
        )

    [additional_data:protected] => Array
        (
        )

)

2024-04-10T07:23:20+00:00 ERROR Error getting data feed
2024-04-10T07:23:20+00:00 ERROR WP_Error Object
(
    [errors] => Array
        (
            [http_request_failed] => Array
                (
                    [0] => cURL error 60: SSL certificate problem: unable to get local issuer certificate
                )

        )

    [error_data] => Array
        (
        )

    [additional_data:protected] => Array
        (
        )

)

2024-04-10T07:23:22+00:00 ERROR Error getting data feed
2024-04-10T07:23:22+00:00 ERROR WP_Error Object
(
    [errors] => Array
        (
            [http_request_failed] => Array
                (
                    [0] => cURL error 60: SSL certificate problem: unable to get local issuer certificate
                )

        )

    [error_data] => Array
        (
        )

    [additional_data:protected] => Array
        (
        )

)

2024-04-10T07:23:22+00:00 ERROR Error getting data feed
2024-04-10T07:23:22+00:00 ERROR WP_Error Object
(
    [errors] => Array
        (
            [http_request_failed] => Array
                (
                    [0] => cURL error 60: SSL certificate problem: unable to get local issuer certificate
                )

        )

    [error_data] => Array
        (
        )

    [additional_data:protected] => Array
        (
        )

)

2024-04-10T07:23:23+00:00 ERROR Error getting data feed
2024-04-10T07:23:23+00:00 ERROR WP_Error Object
(
    [errors] => Array
        (
            [http_request_failed] => Array
                (
                    [0] => cURL error 60: SSL certificate problem: unable to get local issuer certificate
                )

        )

    [error_data] => Array
        (
        )

    [additional_data:protected] => Array
        (
        )

)

2024-04-10T07:23:23+00:00 ERROR Error getting data feed
2024-04-10T07:23:23+00:00 ERROR WP_Error Object
(
    [errors] => Array
        (
            [http_request_failed] => Array
                (
                    [0] => cURL error 60: SSL certificate problem: unable to get local issuer certificate
                )

        )

    [error_data] => Array
        (
        )

    [additional_data:protected] => Array
        (
        )

)

2024-04-10T07:23:24+00:00 ERROR Error getting data feed
2024-04-10T07:23:24+00:00 ERROR WP_Error Object
(
    [errors] => Array
        (
            [http_request_failed] => Array
                (
                    [0] => cURL error 60: SSL certificate problem: unable to get local issuer certificate
                )

        )

    [error_data] => Array
        (
        )

    [additional_data:protected] => Array
        (
        )

)

2024-04-10T07:23:24+00:00 ERROR Error getting data feed
2024-04-10T07:23:24+00:00 ERROR WP_Error Object
(
    [errors] => Array
        (
            [http_request_failed] => Array
                (
                    [0] => cURL error 60: SSL certificate problem: unable to get local issuer certificate
                )

        )

    [error_data] => Array
        (
        )

    [additional_data:protected] => Array
        (
        )

)

2024-04-10T07:23:26+00:00 ERROR Error getting data feed
2024-04-10T07:23:26+00:00 ERROR WP_Error Object
(
    [errors] => Array
        (
            [http_request_failed] => Array
                (
                    [0] => cURL error 60: SSL certificate problem: unable to get local issuer certificate
                )

        )

    [error_data] => Array
        (
        )

    [additional_data:protected] => Array
        (
        )

)

2024-04-10T07:23:26+00:00 ERROR Error getting data feed
2024-04-10T07:23:26+00:00 ERROR WP_Error Object
(
    [errors] => Array
        (
            [http_request_failed] => Array
                (
                    [0] => cURL error 60: SSL certificate problem: unable to get local issuer certificate
                )

        )

    [error_data] => Array
        (
        )

    [additional_data:protected] => Array
        (
        )

)

2024-04-10T07:29:13+00:00 ERROR Error getting data feed
2024-04-10T07:29:13+00:00 ERROR WP_Error Object
(
    [errors] => Array
        (
            [http_request_failed] => Array
                (
                    [0] => cURL error 60: SSL certificate problem: unable to get local issuer certificate
                )

        )

    [error_data] => Array
        (
        )

    [additional_data:protected] => Array
        (
        )

)

2024-04-10T07:29:14+00:00 ERROR Error getting data feed
2024-04-10T07:29:14+00:00 ERROR WP_Error Object
(
    [errors] => Array
        (
            [http_request_failed] => Array
                (
                    [0] => cURL error 60: SSL certificate problem: unable to get local issuer certificate
                )

        )

    [error_data] => Array
        (
        )

    [additional_data:protected] => Array
        (
        )

)

2024-04-10T07:29:14+00:00 ERROR Error getting data feed
2024-04-10T07:29:14+00:00 ERROR WP_Error Object
(
    [errors] => Array
        (
            [http_request_failed] => Array
                (
                    [0] => cURL error 60: SSL certificate problem: unable to get local issuer certificate
                )

        )

    [error_data] => Array
        (
        )

    [additional_data:protected] => Array
        (
        )

)

2024-04-10T07:29:14+00:00 ERROR Error getting data feed
2024-04-10T07:29:14+00:00 ERROR WP_Error Object
(
    [errors] => Array
        (
            [http_request_failed] => Array
                (
                    [0] => cURL error 60: SSL certificate problem: unable to get local issuer certificate
                )

        )

    [error_data] => Array
        (
        )

    [additional_data:protected] => Array
        (
        )

)

2024-04-10T07:29:17+00:00 ERROR Error getting data feed
2024-04-10T07:29:17+00:00 ERROR WP_Error Object
(
    [errors] => Array
        (
            [http_request_failed] => Array
                (
                    [0] => cURL error 60: SSL certificate problem: unable to get local issuer certificate
                )

        )

    [error_data] => Array
        (
        )

    [additional_data:protected] => Array
        (
        )

)

2024-04-10T07:29:18+00:00 ERROR Error getting data feed
2024-04-10T07:29:18+00:00 ERROR WP_Error Object
(
    [errors] => Array
        (
            [http_request_failed] => Array
                (
                    [0] => cURL error 60: SSL certificate problem: unable to get local issuer certificate
                )

        )

    [error_data] => Array
        (
        )

    [additional_data:protected] => Array
        (
        )

)

2024-04-10T10:51:03+00:00 ERROR Error getting data feed
2024-04-10T10:51:03+00:00 ERROR WP_Error Object
(
    [errors] => Array
        (
            [http_request_failed] => Array
                (
                    [0] => cURL error 60: SSL certificate problem: unable to get local issuer certificate
                )

        )

    [error_data] => Array
        (
        )

    [additional_data:protected] => Array
        (
        )

)

2024-04-10T10:51:16+00:00 ERROR Error getting data feed
2024-04-10T10:51:16+00:00 ERROR WP_Error Object
(
    [errors] => Array
        (
            [http_request_failed] => Array
                (
                    [0] => cURL error 60: SSL certificate problem: unable to get local issuer certificate
                )

        )

    [error_data] => Array
        (
        )

    [additional_data:protected] => Array
        (
        )

)

2024-04-10T10:51:16+00:00 ERROR Error getting data feed
2024-04-10T10:51:16+00:00 ERROR WP_Error Object
(
    [errors] => Array
        (
            [http_request_failed] => Array
                (
                    [0] => cURL error 60: SSL certificate problem: unable to get local issuer certificate
                )

        )

    [error_data] => Array
        (
        )

    [additional_data:protected] => Array
        (
        )

)

2024-04-10T10:51:16+00:00 ERROR Error getting data feed
2024-04-10T10:51:16+00:00 ERROR WP_Error Object
(
    [errors] => Array
        (
            [http_request_failed] => Array
                (
                    [0] => cURL error 60: SSL certificate problem: unable to get local issuer certificate
                )

        )

    [error_data] => Array
        (
        )

    [additional_data:protected] => Array
        (
        )

)

2024-04-10T10:51:17+00:00 ERROR Error getting data feed
2024-04-10T10:51:17+00:00 ERROR WP_Error Object
(
    [errors] => Array
        (
            [http_request_failed] => Array
                (
                    [0] => cURL error 60: SSL certificate problem: unable to get local issuer certificate
                )

        )

    [error_data] => Array
        (
        )

    [additional_data:protected] => Array
        (
        )

)

2024-04-10T10:51:17+00:00 ERROR Error getting data feed
2024-04-10T10:51:17+00:00 ERROR WP_Error Object
(
    [errors] => Array
        (
            [http_request_failed] => Array
                (
                    [0] => cURL error 60: SSL certificate problem: unable to get local issuer certificate
                )

        )

    [error_data] => Array
        (
        )

    [additional_data:protected] => Array
        (
        )

)

2024-04-10T10:51:17+00:00 ERROR Error getting data feed
2024-04-10T10:51:17+00:00 ERROR WP_Error Object
(
    [errors] => Array
        (
            [http_request_failed] => Array
                (
                    [0] => cURL error 60: SSL certificate problem: unable to get local issuer certificate
                )

        )

    [error_data] => Array
        (
        )

    [additional_data:protected] => Array
        (
        )

)

2024-04-10T10:51:17+00:00 ERROR Error getting data feed
2024-04-10T10:51:17+00:00 ERROR WP_Error Object
(
    [errors] => Array
        (
            [http_request_failed] => Array
                (
                    [0] => cURL error 60: SSL certificate problem: unable to get local issuer certificate
                )

        )

    [error_data] => Array
        (
        )

    [additional_data:protected] => Array
        (
        )

)

2024-04-10T10:51:17+00:00 ERROR Error getting data feed
2024-04-10T10:51:17+00:00 ERROR WP_Error Object
(
    [errors] => Array
        (
            [http_request_failed] => Array
                (
                    [0] => cURL error 60: SSL certificate problem: unable to get local issuer certificate
                )

        )

    [error_data] => Array
        (
        )

    [additional_data:protected] => Array
        (
        )

)

2024-04-10T10:51:18+00:00 ERROR Error getting data feed
2024-04-10T10:51:18+00:00 ERROR WP_Error Object
(
    [errors] => Array
        (
            [http_request_failed] => Array
                (
                    [0] => cURL error 60: SSL certificate problem: unable to get local issuer certificate
                )

        )

    [error_data] => Array
        (
        )

    [additional_data:protected] => Array
        (
        )

)

2024-04-10T10:51:18+00:00 ERROR Error getting data feed
2024-04-10T10:51:18+00:00 ERROR WP_Error Object
(
    [errors] => Array
        (
            [http_request_failed] => Array
                (
                    [0] => cURL error 60: SSL certificate problem: unable to get local issuer certificate
                )

        )

    [error_data] => Array
        (
        )

    [additional_data:protected] => Array
        (
        )

)

2024-04-10T10:51:18+00:00 ERROR Error getting data feed
2024-04-10T10:51:18+00:00 ERROR WP_Error Object
(
    [errors] => Array
        (
            [http_request_failed] => Array
                (
                    [0] => cURL error 60: SSL certificate problem: unable to get local issuer certificate
                )

        )

    [error_data] => Array
        (
        )

    [additional_data:protected] => Array
        (
        )

)

2024-04-10T10:51:18+00:00 ERROR Error getting data feed
2024-04-10T10:51:18+00:00 ERROR WP_Error Object
(
    [errors] => Array
        (
            [http_request_failed] => Array
                (
                    [0] => cURL error 60: SSL certificate problem: unable to get local issuer certificate
                )

        )

    [error_data] => Array
        (
        )

    [additional_data:protected] => Array
        (
        )

)

2024-04-10T10:51:19+00:00 ERROR Error getting data feed
2024-04-10T10:51:19+00:00 ERROR WP_Error Object
(
    [errors] => Array
        (
            [http_request_failed] => Array
                (
                    [0] => cURL error 60: SSL certificate problem: unable to get local issuer certificate
                )

        )

    [error_data] => Array
        (
        )

    [additional_data:protected] => Array
        (
        )

)

2024-04-10T10:51:19+00:00 ERROR Error getting data feed
2024-04-10T10:51:19+00:00 ERROR WP_Error Object
(
    [errors] => Array
        (
            [http_request_failed] => Array
                (
                    [0] => cURL error 60: SSL certificate problem: unable to get local issuer certificate
                )

        )

    [error_data] => Array
        (
        )

    [additional_data:protected] => Array
        (
        )

)

2024-04-10T10:51:19+00:00 ERROR Error getting data feed
2024-04-10T10:51:19+00:00 ERROR WP_Error Object
(
    [errors] => Array
        (
            [http_request_failed] => Array
                (
                    [0] => cURL error 60: SSL certificate problem: unable to get local issuer certificate
                )

        )

    [error_data] => Array
        (
        )

    [additional_data:protected] => Array
        (
        )

)

2024-04-10T10:51:19+00:00 ERROR Error getting data feed
2024-04-10T10:51:19+00:00 ERROR WP_Error Object
(
    [errors] => Array
        (
            [http_request_failed] => Array
                (
                    [0] => cURL error 60: SSL certificate problem: unable to get local issuer certificate
                )

        )

    [error_data] => Array
        (
        )

    [additional_data:protected] => Array
        (
        )

)

2024-04-10T10:51:20+00:00 ERROR Error getting data feed
2024-04-10T10:51:20+00:00 ERROR WP_Error Object
(
    [errors] => Array
        (
            [http_request_failed] => Array
                (
                    [0] => cURL error 60: SSL certificate problem: unable to get local issuer certificate
                )

        )

    [error_data] => Array
        (
        )

    [additional_data:protected] => Array
        (
        )

)

2024-04-10T10:51:20+00:00 ERROR Error getting data feed
2024-04-10T10:51:20+00:00 ERROR WP_Error Object
(
    [errors] => Array
        (
            [http_request_failed] => Array
                (
                    [0] => cURL error 60: SSL certificate problem: unable to get local issuer certificate
                )

        )

    [error_data] => Array
        (
        )

    [additional_data:protected] => Array
        (
        )

)

2024-04-10T10:51:20+00:00 ERROR Error getting data feed
2024-04-10T10:51:20+00:00 ERROR WP_Error Object
(
    [errors] => Array
        (
            [http_request_failed] => Array
                (
                    [0] => cURL error 60: SSL certificate problem: unable to get local issuer certificate
                )

        )

    [error_data] => Array
        (
        )

    [additional_data:protected] => Array
        (
        )

)

2024-04-10T10:51:20+00:00 ERROR Error getting data feed
2024-04-10T10:51:20+00:00 ERROR WP_Error Object
(
    [errors] => Array
        (
            [http_request_failed] => Array
                (
                    [0] => cURL error 60: SSL certificate problem: unable to get local issuer certificate
                )

        )

    [error_data] => Array
        (
        )

    [additional_data:protected] => Array
        (
        )

)

2024-04-10T10:51:20+00:00 ERROR Error getting data feed
2024-04-10T10:51:20+00:00 ERROR WP_Error Object
(
    [errors] => Array
        (
            [http_request_failed] => Array
                (
                    [0] => cURL error 60: SSL certificate problem: unable to get local issuer certificate
                )

        )

    [error_data] => Array
        (
        )

    [additional_data:protected] => Array
        (
        )

)

2024-04-10T10:51:20+00:00 ERROR Error getting data feed
2024-04-10T10:51:20+00:00 ERROR WP_Error Object
(
    [errors] => Array
        (
            [http_request_failed] => Array
                (
                    [0] => cURL error 60: SSL certificate problem: unable to get local issuer certificate
                )

        )

    [error_data] => Array
        (
        )

    [additional_data:protected] => Array
        (
        )

)

2024-04-10T10:51:20+00:00 ERROR Error getting data feed
2024-04-10T10:51:20+00:00 ERROR WP_Error Object
(
    [errors] => Array
        (
            [http_request_failed] => Array
                (
                    [0] => cURL error 60: SSL certificate problem: unable to get local issuer certificate
                )

        )

    [error_data] => Array
        (
        )

    [additional_data:protected] => Array
        (
        )

)

2024-04-10T10:51:20+00:00 ERROR Error getting data feed
2024-04-10T10:51:20+00:00 ERROR WP_Error Object
(
    [errors] => Array
        (
            [http_request_failed] => Array
                (
                    [0] => cURL error 60: SSL certificate problem: unable to get local issuer certificate
                )

        )

    [error_data] => Array
        (
        )

    [additional_data:protected] => Array
        (
        )

)

2024-04-10T10:51:21+00:00 ERROR Error getting data feed
2024-04-10T10:51:21+00:00 ERROR WP_Error Object
(
    [errors] => Array
        (
            [http_request_failed] => Array
                (
                    [0] => cURL error 60: SSL certificate problem: unable to get local issuer certificate
                )

        )

    [error_data] => Array
        (
        )

    [additional_data:protected] => Array
        (
        )

)

2024-04-10T10:51:21+00:00 ERROR Error getting data feed
2024-04-10T10:51:21+00:00 ERROR WP_Error Object
(
    [errors] => Array
        (
            [http_request_failed] => Array
                (
                    [0] => cURL error 60: SSL certificate problem: unable to get local issuer certificate
                )

        )

    [error_data] => Array
        (
        )

    [additional_data:protected] => Array
        (
        )

)

2024-04-10T10:51:21+00:00 ERROR Error getting data feed
2024-04-10T10:51:21+00:00 ERROR WP_Error Object
(
    [errors] => Array
        (
            [http_request_failed] => Array
                (
                    [0] => cURL error 60: SSL certificate problem: unable to get local issuer certificate
                )

        )

    [error_data] => Array
        (
        )

    [additional_data:protected] => Array
        (
        )

)

2024-04-10T10:51:21+00:00 ERROR Error getting data feed
2024-04-10T10:51:21+00:00 ERROR WP_Error Object
(
    [errors] => Array
        (
            [http_request_failed] => Array
                (
                    [0] => cURL error 60: SSL certificate problem: unable to get local issuer certificate
                )

        )

    [error_data] => Array
        (
        )

    [additional_data:protected] => Array
        (
        )

)

2024-04-10T10:57:12+00:00 ERROR Error getting data feed
2024-04-10T10:57:12+00:00 ERROR WP_Error Object
(
    [errors] => Array
        (
            [http_request_failed] => Array
                (
                    [0] => cURL error 60: SSL certificate problem: unable to get local issuer certificate
                )

        )

    [error_data] => Array
        (
        )

    [additional_data:protected] => Array
        (
        )

)

2024-04-10T10:57:12+00:00 ERROR Error getting data feed
2024-04-10T10:57:12+00:00 ERROR WP_Error Object
(
    [errors] => Array
        (
            [http_request_failed] => Array
                (
                    [0] => cURL error 60: SSL certificate problem: unable to get local issuer certificate
                )

        )

    [error_data] => Array
        (
        )

    [additional_data:protected] => Array
        (
        )

)

2024-04-10T10:57:13+00:00 ERROR Error getting data feed
2024-04-10T10:57:13+00:00 ERROR WP_Error Object
(
    [errors] => Array
        (
            [http_request_failed] => Array
                (
                    [0] => cURL error 60: SSL certificate problem: unable to get local issuer certificate
                )

        )

    [error_data] => Array
        (
        )

    [additional_data:protected] => Array
        (
        )

)

2024-04-10T10:57:14+00:00 ERROR Error getting data feed
2024-04-10T10:57:14+00:00 ERROR WP_Error Object
(
    [errors] => Array
        (
            [http_request_failed] => Array
                (
                    [0] => cURL error 60: SSL certificate problem: unable to get local issuer certificate
                )

        )

    [error_data] => Array
        (
        )

    [additional_data:protected] => Array
        (
        )

)

2024-04-10T10:57:20+00:00 ERROR Error getting data feed
2024-04-10T10:57:20+00:00 ERROR WP_Error Object
(
    [errors] => Array
        (
            [http_request_failed] => Array
                (
                    [0] => cURL error 60: SSL certificate problem: unable to get local issuer certificate
                )

        )

    [error_data] => Array
        (
        )

    [additional_data:protected] => Array
        (
        )

)

2024-04-10T10:57:20+00:00 ERROR Error getting data feed
2024-04-10T10:57:20+00:00 ERROR WP_Error Object
(
    [errors] => Array
        (
            [http_request_failed] => Array
                (
                    [0] => cURL error 60: SSL certificate problem: unable to get local issuer certificate
                )

        )

    [error_data] => Array
        (
        )

    [additional_data:protected] => Array
        (
        )

)

2024-04-10T10:57:20+00:00 ERROR Error getting data feed
2024-04-10T10:57:20+00:00 ERROR WP_Error Object
(
    [errors] => Array
        (
            [http_request_failed] => Array
                (
                    [0] => cURL error 60: SSL certificate problem: unable to get local issuer certificate
                )

        )

    [error_data] => Array
        (
        )

    [additional_data:protected] => Array
        (
        )

)

2024-04-10T10:57:21+00:00 ERROR Error getting data feed
2024-04-10T10:57:21+00:00 ERROR WP_Error Object
(
    [errors] => Array
        (
            [http_request_failed] => Array
                (
                    [0] => cURL error 60: SSL certificate problem: unable to get local issuer certificate
                )

        )

    [error_data] => Array
        (
        )

    [additional_data:protected] => Array
        (
        )

)

2024-04-10T10:57:46+00:00 ERROR Error getting data feed
2024-04-10T10:57:46+00:00 ERROR WP_Error Object
(
    [errors] => Array
        (
            [http_request_failed] => Array
                (
                    [0] => cURL error 60: SSL certificate problem: unable to get local issuer certificate
                )

        )

    [error_data] => Array
        (
        )

    [additional_data:protected] => Array
        (
        )

)

2024-04-10T10:57:46+00:00 ERROR Error getting data feed
2024-04-10T10:57:46+00:00 ERROR WP_Error Object
(
    [errors] => Array
        (
            [http_request_failed] => Array
                (
                    [0] => cURL error 60: SSL certificate problem: unable to get local issuer certificate
                )

        )

    [error_data] => Array
        (
        )

    [additional_data:protected] => Array
        (
        )

)

2024-04-10T10:57:46+00:00 ERROR Error getting data feed
2024-04-10T10:57:46+00:00 ERROR WP_Error Object
(
    [errors] => Array
        (
            [http_request_failed] => Array
                (
                    [0] => cURL error 60: SSL certificate problem: unable to get local issuer certificate
                )

        )

    [error_data] => Array
        (
        )

    [additional_data:protected] => Array
        (
        )

)

2024-04-10T10:57:46+00:00 ERROR Error getting data feed
2024-04-10T10:57:46+00:00 ERROR WP_Error Object
(
    [errors] => Array
        (
            [http_request_failed] => Array
                (
                    [0] => cURL error 60: SSL certificate problem: unable to get local issuer certificate
                )

        )

    [error_data] => Array
        (
        )

    [additional_data:protected] => Array
        (
        )

)

2024-04-10T10:57:49+00:00 ERROR Error getting data feed
2024-04-10T10:57:49+00:00 ERROR WP_Error Object
(
    [errors] => Array
        (
            [http_request_failed] => Array
                (
                    [0] => cURL error 60: SSL certificate problem: unable to get local issuer certificate
                )

        )

    [error_data] => Array
        (
        )

    [additional_data:protected] => Array
        (
        )

)

2024-04-10T10:57:49+00:00 ERROR Error getting data feed
2024-04-10T10:57:49+00:00 ERROR WP_Error Object
(
    [errors] => Array
        (
            [http_request_failed] => Array
                (
                    [0] => cURL error 60: SSL certificate problem: unable to get local issuer certificate
                )

        )

    [error_data] => Array
        (
        )

    [additional_data:protected] => Array
        (
        )

)

2024-04-10T10:57:50+00:00 ERROR Error getting data feed
2024-04-10T10:57:50+00:00 ERROR WP_Error Object
(
    [errors] => Array
        (
            [http_request_failed] => Array
                (
                    [0] => cURL error 60: SSL certificate problem: unable to get local issuer certificate
                )

        )

    [error_data] => Array
        (
        )

    [additional_data:protected] => Array
        (
        )

)

2024-04-10T10:57:50+00:00 ERROR Error getting data feed
2024-04-10T10:57:50+00:00 ERROR WP_Error Object
(
    [errors] => Array
        (
            [http_request_failed] => Array
                (
                    [0] => cURL error 60: SSL certificate problem: unable to get local issuer certificate
                )

        )

    [error_data] => Array
        (
        )

    [additional_data:protected] => Array
        (
        )

)

2024-04-10T10:57:51+00:00 ERROR Error getting data feed
2024-04-10T10:57:51+00:00 ERROR WP_Error Object
(
    [errors] => Array
        (
            [http_request_failed] => Array
                (
                    [0] => cURL error 60: SSL certificate problem: unable to get local issuer certificate
                )

        )

    [error_data] => Array
        (
        )

    [additional_data:protected] => Array
        (
        )

)

2024-04-10T10:57:52+00:00 ERROR Error getting data feed
2024-04-10T10:57:52+00:00 ERROR WP_Error Object
(
    [errors] => Array
        (
            [http_request_failed] => Array
                (
                    [0] => cURL error 60: SSL certificate problem: unable to get local issuer certificate
                )

        )

    [error_data] => Array
        (
        )

    [additional_data:protected] => Array
        (
        )

)

2024-04-10T10:57:52+00:00 ERROR Error getting data feed
2024-04-10T10:57:52+00:00 ERROR WP_Error Object
(
    [errors] => Array
        (
            [http_request_failed] => Array
                (
                    [0] => cURL error 60: SSL certificate problem: unable to get local issuer certificate
                )

        )

    [error_data] => Array
        (
        )

    [additional_data:protected] => Array
        (
        )

)

2024-04-10T10:57:52+00:00 ERROR Error getting data feed
2024-04-10T10:57:52+00:00 ERROR WP_Error Object
(
    [errors] => Array
        (
            [http_request_failed] => Array
                (
                    [0] => cURL error 60: SSL certificate problem: unable to get local issuer certificate
                )

        )

    [error_data] => Array
        (
        )

    [additional_data:protected] => Array
        (
        )

)

2024-04-10T10:57:54+00:00 ERROR Error getting data feed
2024-04-10T10:57:54+00:00 ERROR WP_Error Object
(
    [errors] => Array
        (
            [http_request_failed] => Array
                (
                    [0] => cURL error 60: SSL certificate problem: unable to get local issuer certificate
                )

        )

    [error_data] => Array
        (
        )

    [additional_data:protected] => Array
        (
        )

)

2024-04-10T10:57:55+00:00 ERROR Error getting data feed
2024-04-10T10:57:55+00:00 ERROR WP_Error Object
(
    [errors] => Array
        (
            [http_request_failed] => Array
                (
                    [0] => cURL error 60: SSL certificate problem: unable to get local issuer certificate
                )

        )

    [error_data] => Array
        (
        )

    [additional_data:protected] => Array
        (
        )

)

2024-04-10T10:57:55+00:00 ERROR Error getting data feed
2024-04-10T10:57:55+00:00 ERROR WP_Error Object
(
    [errors] => Array
        (
            [http_request_failed] => Array
                (
                    [0] => cURL error 60: SSL certificate problem: unable to get local issuer certificate
                )

        )

    [error_data] => Array
        (
        )

    [additional_data:protected] => Array
        (
        )

)

2024-04-10T10:57:55+00:00 ERROR Error getting data feed
2024-04-10T10:57:55+00:00 ERROR WP_Error Object
(
    [errors] => Array
        (
            [http_request_failed] => Array
                (
                    [0] => cURL error 60: SSL certificate problem: unable to get local issuer certificate
                )

        )

    [error_data] => Array
        (
        )

    [additional_data:protected] => Array
        (
        )

)

2024-04-10T10:59:02+00:00 ERROR Error getting data feed
2024-04-10T10:59:02+00:00 ERROR WP_Error Object
(
    [errors] => Array
        (
            [http_request_failed] => Array
                (
                    [0] => cURL error 60: SSL certificate problem: unable to get local issuer certificate
                )

        )

    [error_data] => Array
        (
        )

    [additional_data:protected] => Array
        (
        )

)

2024-04-10T10:59:02+00:00 ERROR Error getting data feed
2024-04-10T10:59:02+00:00 ERROR WP_Error Object
(
    [errors] => Array
        (
            [http_request_failed] => Array
                (
                    [0] => cURL error 60: SSL certificate problem: unable to get local issuer certificate
                )

        )

    [error_data] => Array
        (
        )

    [additional_data:protected] => Array
        (
        )

)

2024-04-10T10:59:03+00:00 ERROR Error getting data feed
2024-04-10T10:59:03+00:00 ERROR WP_Error Object
(
    [errors] => Array
        (
            [http_request_failed] => Array
                (
                    [0] => cURL error 60: SSL certificate problem: unable to get local issuer certificate
                )

        )

    [error_data] => Array
        (
        )

    [additional_data:protected] => Array
        (
        )

)

2024-04-10T10:59:03+00:00 ERROR Error getting data feed
2024-04-10T10:59:03+00:00 ERROR WP_Error Object
(
    [errors] => Array
        (
            [http_request_failed] => Array
                (
                    [0] => cURL error 60: SSL certificate problem: unable to get local issuer certificate
                )

        )

    [error_data] => Array
        (
        )

    [additional_data:protected] => Array
        (
        )

)

2024-04-10T10:59:04+00:00 ERROR Error getting data feed
2024-04-10T10:59:04+00:00 ERROR WP_Error Object
(
    [errors] => Array
        (
            [http_request_failed] => Array
                (
                    [0] => cURL error 60: SSL certificate problem: unable to get local issuer certificate
                )

        )

    [error_data] => Array
        (
        )

    [additional_data:protected] => Array
        (
        )

)

2024-04-10T10:59:04+00:00 ERROR Error getting data feed
2024-04-10T10:59:04+00:00 ERROR WP_Error Object
(
    [errors] => Array
        (
            [http_request_failed] => Array
                (
                    [0] => cURL error 60: SSL certificate problem: unable to get local issuer certificate
                )

        )

    [error_data] => Array
        (
        )

    [additional_data:protected] => Array
        (
        )

)

2024-04-10T10:59:04+00:00 ERROR Error getting data feed
2024-04-10T10:59:04+00:00 ERROR WP_Error Object
(
    [errors] => Array
        (
            [http_request_failed] => Array
                (
                    [0] => cURL error 60: SSL certificate problem: unable to get local issuer certificate
                )

        )

    [error_data] => Array
        (
        )

    [additional_data:protected] => Array
        (
        )

)

2024-04-10T10:59:04+00:00 ERROR Error getting data feed
2024-04-10T10:59:04+00:00 ERROR WP_Error Object
(
    [errors] => Array
        (
            [http_request_failed] => Array
                (
                    [0] => cURL error 60: SSL certificate problem: unable to get local issuer certificate
                )

        )

    [error_data] => Array
        (
        )

    [additional_data:protected] => Array
        (
        )

)

2024-04-10T10:59:05+00:00 ERROR Error getting data feed
2024-04-10T10:59:05+00:00 ERROR WP_Error Object
(
    [errors] => Array
        (
            [http_request_failed] => Array
                (
                    [0] => cURL error 60: SSL certificate problem: unable to get local issuer certificate
                )

        )

    [error_data] => Array
        (
        )

    [additional_data:protected] => Array
        (
        )

)

2024-04-10T10:59:05+00:00 ERROR Error getting data feed
2024-04-10T10:59:05+00:00 ERROR WP_Error Object
(
    [errors] => Array
        (
            [http_request_failed] => Array
                (
                    [0] => cURL error 60: SSL certificate problem: unable to get local issuer certificate
                )

        )

    [error_data] => Array
        (
        )

    [additional_data:protected] => Array
        (
        )

)

2024-04-10T10:59:05+00:00 ERROR Error getting data feed
2024-04-10T10:59:05+00:00 ERROR WP_Error Object
(
    [errors] => Array
        (
            [http_request_failed] => Array
                (
                    [0] => cURL error 60: SSL certificate problem: unable to get local issuer certificate
                )

        )

    [error_data] => Array
        (
        )

    [additional_data:protected] => Array
        (
        )

)

2024-04-10T10:59:05+00:00 ERROR Error getting data feed
2024-04-10T10:59:05+00:00 ERROR WP_Error Object
(
    [errors] => Array
        (
            [http_request_failed] => Array
                (
                    [0] => cURL error 60: SSL certificate problem: unable to get local issuer certificate
                )

        )

    [error_data] => Array
        (
        )

    [additional_data:protected] => Array
        (
        )

)

2024-04-10T10:59:05+00:00 ERROR Error getting data feed
2024-04-10T10:59:05+00:00 ERROR WP_Error Object
(
    [errors] => Array
        (
            [http_request_failed] => Array
                (
                    [0] => cURL error 60: SSL certificate problem: unable to get local issuer certificate
                )

        )

    [error_data] => Array
        (
        )

    [additional_data:protected] => Array
        (
        )

)

2024-04-10T10:59:05+00:00 ERROR Error getting data feed
2024-04-10T10:59:05+00:00 ERROR WP_Error Object
(
    [errors] => Array
        (
            [http_request_failed] => Array
                (
                    [0] => cURL error 60: SSL certificate problem: unable to get local issuer certificate
                )

        )

    [error_data] => Array
        (
        )

    [additional_data:protected] => Array
        (
        )

)

2024-04-10T10:59:06+00:00 ERROR Error getting data feed
2024-04-10T10:59:06+00:00 ERROR WP_Error Object
(
    [errors] => Array
        (
            [http_request_failed] => Array
                (
                    [0] => cURL error 60: SSL certificate problem: unable to get local issuer certificate
                )

        )

    [error_data] => Array
        (
        )

    [additional_data:protected] => Array
        (
        )

)

2024-04-10T10:59:06+00:00 ERROR Error getting data feed
2024-04-10T10:59:06+00:00 ERROR WP_Error Object
(
    [errors] => Array
        (
            [http_request_failed] => Array
                (
                    [0] => cURL error 60: SSL certificate problem: unable to get local issuer certificate
                )

        )

    [error_data] => Array
        (
        )

    [additional_data:protected] => Array
        (
        )

)

2024-04-10T10:59:06+00:00 ERROR Error getting data feed
2024-04-10T10:59:06+00:00 ERROR WP_Error Object
(
    [errors] => Array
        (
            [http_request_failed] => Array
                (
                    [0] => cURL error 60: SSL certificate problem: unable to get local issuer certificate
                )

        )

    [error_data] => Array
        (
        )

    [additional_data:protected] => Array
        (
        )

)

2024-04-10T10:59:06+00:00 ERROR Error getting data feed
2024-04-10T10:59:06+00:00 ERROR WP_Error Object
(
    [errors] => Array
        (
            [http_request_failed] => Array
                (
                    [0] => cURL error 60: SSL certificate problem: unable to get local issuer certificate
                )

        )

    [error_data] => Array
        (
        )

    [additional_data:protected] => Array
        (
        )

)

2024-04-10T10:59:06+00:00 ERROR Error getting data feed
2024-04-10T10:59:06+00:00 ERROR WP_Error Object
(
    [errors] => Array
        (
            [http_request_failed] => Array
                (
                    [0] => cURL error 60: SSL certificate problem: unable to get local issuer certificate
                )

        )

    [error_data] => Array
        (
        )

    [additional_data:protected] => Array
        (
        )

)

2024-04-10T10:59:06+00:00 ERROR Error getting data feed
2024-04-10T10:59:06+00:00 ERROR WP_Error Object
(
    [errors] => Array
        (
            [http_request_failed] => Array
                (
                    [0] => cURL error 60: SSL certificate problem: unable to get local issuer certificate
                )

        )

    [error_data] => Array
        (
        )

    [additional_data:protected] => Array
        (
        )

)

2024-04-10T10:59:06+00:00 ERROR Error getting data feed
2024-04-10T10:59:06+00:00 ERROR WP_Error Object
(
    [errors] => Array
        (
            [http_request_failed] => Array
                (
                    [0] => cURL error 60: SSL certificate problem: unable to get local issuer certificate
                )

        )

    [error_data] => Array
        (
        )

    [additional_data:protected] => Array
        (
        )

)

2024-04-10T10:59:06+00:00 ERROR Error getting data feed
2024-04-10T10:59:06+00:00 ERROR WP_Error Object
(
    [errors] => Array
        (
            [http_request_failed] => Array
                (
                    [0] => cURL error 60: SSL certificate problem: unable to get local issuer certificate
                )

        )

    [error_data] => Array
        (
        )

    [additional_data:protected] => Array
        (
        )

)

2024-04-10T10:59:07+00:00 ERROR Error getting data feed
2024-04-10T10:59:07+00:00 ERROR WP_Error Object
(
    [errors] => Array
        (
            [http_request_failed] => Array
                (
                    [0] => cURL error 60: SSL certificate problem: unable to get local issuer certificate
                )

        )

    [error_data] => Array
        (
        )

    [additional_data:protected] => Array
        (
        )

)

2024-04-10T10:59:07+00:00 ERROR Error getting data feed
2024-04-10T10:59:07+00:00 ERROR WP_Error Object
(
    [errors] => Array
        (
            [http_request_failed] => Array
                (
                    [0] => cURL error 60: SSL certificate problem: unable to get local issuer certificate
                )

        )

    [error_data] => Array
        (
        )

    [additional_data:protected] => Array
        (
        )

)

2024-04-10T10:59:08+00:00 ERROR Error getting data feed
2024-04-10T10:59:08+00:00 ERROR WP_Error Object
(
    [errors] => Array
        (
            [http_request_failed] => Array
                (
                    [0] => cURL error 60: SSL certificate problem: unable to get local issuer certificate
                )

        )

    [error_data] => Array
        (
        )

    [additional_data:protected] => Array
        (
        )

)

2024-04-10T10:59:08+00:00 ERROR Error getting data feed
2024-04-10T10:59:08+00:00 ERROR WP_Error Object
(
    [errors] => Array
        (
            [http_request_failed] => Array
                (
                    [0] => cURL error 60: SSL certificate problem: unable to get local issuer certificate
                )

        )

    [error_data] => Array
        (
        )

    [additional_data:protected] => Array
        (
        )

)

2024-04-10T10:59:08+00:00 ERROR Error getting data feed
2024-04-10T10:59:08+00:00 ERROR WP_Error Object
(
    [errors] => Array
        (
            [http_request_failed] => Array
                (
                    [0] => cURL error 60: SSL certificate problem: unable to get local issuer certificate
                )

        )

    [error_data] => Array
        (
        )

    [additional_data:protected] => Array
        (
        )

)

2024-04-10T10:59:08+00:00 ERROR Error getting data feed
2024-04-10T10:59:08+00:00 ERROR WP_Error Object
(
    [errors] => Array
        (
            [http_request_failed] => Array
                (
                    [0] => cURL error 60: SSL certificate problem: unable to get local issuer certificate
                )

        )

    [error_data] => Array
        (
        )

    [additional_data:protected] => Array
        (
        )

)

2024-04-10T10:59:09+00:00 ERROR Error getting data feed
2024-04-10T10:59:09+00:00 ERROR WP_Error Object
(
    [errors] => Array
        (
            [http_request_failed] => Array
                (
                    [0] => cURL error 60: SSL certificate problem: unable to get local issuer certificate
                )

        )

    [error_data] => Array
        (
        )

    [additional_data:protected] => Array
        (
        )

)

2024-04-10T10:59:09+00:00 ERROR Error getting data feed
2024-04-10T10:59:09+00:00 ERROR WP_Error Object
(
    [errors] => Array
        (
            [http_request_failed] => Array
                (
                    [0] => cURL error 60: SSL certificate problem: unable to get local issuer certificate
                )

        )

    [error_data] => Array
        (
        )

    [additional_data:protected] => Array
        (
        )

)

2024-04-10T10:59:09+00:00 ERROR Error getting data feed
2024-04-10T10:59:09+00:00 ERROR WP_Error Object
(
    [errors] => Array
        (
            [http_request_failed] => Array
                (
                    [0] => cURL error 60: SSL certificate problem: unable to get local issuer certificate
                )

        )

    [error_data] => Array
        (
        )

    [additional_data:protected] => Array
        (
        )

)

2024-04-10T10:59:09+00:00 ERROR Error getting data feed
2024-04-10T10:59:09+00:00 ERROR WP_Error Object
(
    [errors] => Array
        (
            [http_request_failed] => Array
                (
                    [0] => cURL error 60: SSL certificate problem: unable to get local issuer certificate
                )

        )

    [error_data] => Array
        (
        )

    [additional_data:protected] => Array
        (
        )

)

2024-04-10T10:59:09+00:00 ERROR Error getting data feed
2024-04-10T10:59:09+00:00 ERROR WP_Error Object
(
    [errors] => Array
        (
            [http_request_failed] => Array
                (
                    [0] => cURL error 60: SSL certificate problem: unable to get local issuer certificate
                )

        )

    [error_data] => Array
        (
        )

    [additional_data:protected] => Array
        (
        )

)

2024-04-10T10:59:10+00:00 ERROR Error getting data feed
2024-04-10T10:59:10+00:00 ERROR WP_Error Object
(
    [errors] => Array
        (
            [http_request_failed] => Array
                (
                    [0] => cURL error 60: SSL certificate problem: unable to get local issuer certificate
                )

        )

    [error_data] => Array
        (
        )

    [additional_data:protected] => Array
        (
        )

)

2024-04-10T10:59:10+00:00 ERROR Error getting data feed
2024-04-10T10:59:10+00:00 ERROR WP_Error Object
(
    [errors] => Array
        (
            [http_request_failed] => Array
                (
                    [0] => cURL error 60: SSL certificate problem: unable to get local issuer certificate
                )

        )

    [error_data] => Array
        (
        )

    [additional_data:protected] => Array
        (
        )

)

2024-04-10T10:59:10+00:00 ERROR Error getting data feed
2024-04-10T10:59:10+00:00 ERROR WP_Error Object
(
    [errors] => Array
        (
            [http_request_failed] => Array
                (
                    [0] => cURL error 60: SSL certificate problem: unable to get local issuer certificate
                )

        )

    [error_data] => Array
        (
        )

    [additional_data:protected] => Array
        (
        )

)

2024-04-10T10:59:11+00:00 ERROR Error getting data feed
2024-04-10T10:59:11+00:00 ERROR WP_Error Object
(
    [errors] => Array
        (
            [http_request_failed] => Array
                (
                    [0] => cURL error 60: SSL certificate problem: unable to get local issuer certificate
                )

        )

    [error_data] => Array
        (
        )

    [additional_data:protected] => Array
        (
        )

)

2024-04-10T10:59:11+00:00 ERROR Error getting data feed
2024-04-10T10:59:11+00:00 ERROR WP_Error Object
(
    [errors] => Array
        (
            [http_request_failed] => Array
                (
                    [0] => cURL error 60: SSL certificate problem: unable to get local issuer certificate
                )

        )

    [error_data] => Array
        (
        )

    [additional_data:protected] => Array
        (
        )

)

2024-04-10T10:59:11+00:00 ERROR Error getting data feed
2024-04-10T10:59:11+00:00 ERROR WP_Error Object
(
    [errors] => Array
        (
            [http_request_failed] => Array
                (
                    [0] => cURL error 60: SSL certificate problem: unable to get local issuer certificate
                )

        )

    [error_data] => Array
        (
        )

    [additional_data:protected] => Array
        (
        )

)

2024-04-10T10:59:11+00:00 ERROR Error getting data feed
2024-04-10T10:59:11+00:00 ERROR WP_Error Object
(
    [errors] => Array
        (
            [http_request_failed] => Array
                (
                    [0] => cURL error 60: SSL certificate problem: unable to get local issuer certificate
                )

        )

    [error_data] => Array
        (
        )

    [additional_data:protected] => Array
        (
        )

)

2024-04-10T10:59:12+00:00 ERROR Error getting data feed
2024-04-10T10:59:12+00:00 ERROR WP_Error Object
(
    [errors] => Array
        (
            [http_request_failed] => Array
                (
                    [0] => cURL error 60: SSL certificate problem: unable to get local issuer certificate
                )

        )

    [error_data] => Array
        (
        )

    [additional_data:protected] => Array
        (
        )

)

2024-04-10T10:59:12+00:00 ERROR Error getting data feed
2024-04-10T10:59:12+00:00 ERROR WP_Error Object
(
    [errors] => Array
        (
            [http_request_failed] => Array
                (
                    [0] => cURL error 60: SSL certificate problem: unable to get local issuer certificate
                )

        )

    [error_data] => Array
        (
        )

    [additional_data:protected] => Array
        (
        )

)

2024-04-10T10:59:12+00:00 ERROR Error getting data feed
2024-04-10T10:59:12+00:00 ERROR WP_Error Object
(
    [errors] => Array
        (
            [http_request_failed] => Array
                (
                    [0] => cURL error 60: SSL certificate problem: unable to get local issuer certificate
                )

        )

    [error_data] => Array
        (
        )

    [additional_data:protected] => Array
        (
        )

)

2024-04-10T10:59:12+00:00 ERROR Error getting data feed
2024-04-10T10:59:12+00:00 ERROR WP_Error Object
(
    [errors] => Array
        (
            [http_request_failed] => Array
                (
                    [0] => cURL error 60: SSL certificate problem: unable to get local issuer certificate
                )

        )

    [error_data] => Array
        (
        )

    [additional_data:protected] => Array
        (
        )

)

2024-04-10T10:59:12+00:00 ERROR Error getting data feed
2024-04-10T10:59:12+00:00 ERROR WP_Error Object
(
    [errors] => Array
        (
            [http_request_failed] => Array
                (
                    [0] => cURL error 60: SSL certificate problem: unable to get local issuer certificate
                )

        )

    [error_data] => Array
        (
        )

    [additional_data:protected] => Array
        (
        )

)

2024-04-10T10:59:13+00:00 ERROR Error getting data feed
2024-04-10T10:59:13+00:00 ERROR WP_Error Object
(
    [errors] => Array
        (
            [http_request_failed] => Array
                (
                    [0] => cURL error 60: SSL certificate problem: unable to get local issuer certificate
                )

        )

    [error_data] => Array
        (
        )

    [additional_data:protected] => Array
        (
        )

)

2024-04-10T10:59:13+00:00 ERROR Error getting data feed
2024-04-10T10:59:13+00:00 ERROR WP_Error Object
(
    [errors] => Array
        (
            [http_request_failed] => Array
                (
                    [0] => cURL error 60: SSL certificate problem: unable to get local issuer certificate
                )

        )

    [error_data] => Array
        (
        )

    [additional_data:protected] => Array
        (
        )

)

2024-04-10T10:59:13+00:00 ERROR Error getting data feed
2024-04-10T10:59:13+00:00 ERROR WP_Error Object
(
    [errors] => Array
        (
            [http_request_failed] => Array
                (
                    [0] => cURL error 60: SSL certificate problem: unable to get local issuer certificate
                )

        )

    [error_data] => Array
        (
        )

    [additional_data:protected] => Array
        (
        )

)

2024-04-10T10:59:14+00:00 ERROR Error getting data feed
2024-04-10T10:59:14+00:00 ERROR WP_Error Object
(
    [errors] => Array
        (
            [http_request_failed] => Array
                (
                    [0] => cURL error 60: SSL certificate problem: unable to get local issuer certificate
                )

        )

    [error_data] => Array
        (
        )

    [additional_data:protected] => Array
        (
        )

)

2024-04-10T10:59:14+00:00 ERROR Error getting data feed
2024-04-10T10:59:14+00:00 ERROR WP_Error Object
(
    [errors] => Array
        (
            [http_request_failed] => Array
                (
                    [0] => cURL error 60: SSL certificate problem: unable to get local issuer certificate
                )

        )

    [error_data] => Array
        (
        )

    [additional_data:protected] => Array
        (
        )

)

2024-04-10T10:59:14+00:00 ERROR Error getting data feed
2024-04-10T10:59:14+00:00 ERROR WP_Error Object
(
    [errors] => Array
        (
            [http_request_failed] => Array
                (
                    [0] => cURL error 60: SSL certificate problem: unable to get local issuer certificate
                )

        )

    [error_data] => Array
        (
        )

    [additional_data:protected] => Array
        (
        )

)

2024-04-10T10:59:14+00:00 ERROR Error getting data feed
2024-04-10T10:59:14+00:00 ERROR WP_Error Object
(
    [errors] => Array
        (
            [http_request_failed] => Array
                (
                    [0] => cURL error 60: SSL certificate problem: unable to get local issuer certificate
                )

        )

    [error_data] => Array
        (
        )

    [additional_data:protected] => Array
        (
        )

)

2024-04-10T10:59:14+00:00 ERROR Error getting data feed
2024-04-10T10:59:14+00:00 ERROR WP_Error Object
(
    [errors] => Array
        (
            [http_request_failed] => Array
                (
                    [0] => cURL error 60: SSL certificate problem: unable to get local issuer certificate
                )

        )

    [error_data] => Array
        (
        )

    [additional_data:protected] => Array
        (
        )

)

2024-04-10T10:59:14+00:00 ERROR Error getting data feed
2024-04-10T10:59:14+00:00 ERROR WP_Error Object
(
    [errors] => Array
        (
            [http_request_failed] => Array
                (
                    [0] => cURL error 60: SSL certificate problem: unable to get local issuer certificate
                )

        )

    [error_data] => Array
        (
        )

    [additional_data:protected] => Array
        (
        )

)

2024-04-10T10:59:14+00:00 ERROR Error getting data feed
2024-04-10T10:59:14+00:00 ERROR WP_Error Object
(
    [errors] => Array
        (
            [http_request_failed] => Array
                (
                    [0] => cURL error 60: SSL certificate problem: unable to get local issuer certificate
                )

        )

    [error_data] => Array
        (
        )

    [additional_data:protected] => Array
        (
        )

)

2024-04-10T10:59:14+00:00 ERROR Error getting data feed
2024-04-10T10:59:14+00:00 ERROR WP_Error Object
(
    [errors] => Array
        (
            [http_request_failed] => Array
                (
                    [0] => cURL error 60: SSL certificate problem: unable to get local issuer certificate
                )

        )

    [error_data] => Array
        (
        )

    [additional_data:protected] => Array
        (
        )

)

2024-04-10T10:59:14+00:00 ERROR Error getting data feed
2024-04-10T10:59:14+00:00 ERROR WP_Error Object
(
    [errors] => Array
        (
            [http_request_failed] => Array
                (
                    [0] => cURL error 60: SSL certificate problem: unable to get local issuer certificate
                )

        )

    [error_data] => Array
        (
        )

    [additional_data:protected] => Array
        (
        )

)

2024-04-10T10:59:15+00:00 ERROR Error getting data feed
2024-04-10T10:59:15+00:00 ERROR WP_Error Object
(
    [errors] => Array
        (
            [http_request_failed] => Array
                (
                    [0] => cURL error 60: SSL certificate problem: unable to get local issuer certificate
                )

        )

    [error_data] => Array
        (
        )

    [additional_data:protected] => Array
        (
        )

)

2024-04-10T10:59:15+00:00 ERROR Error getting data feed
2024-04-10T10:59:15+00:00 ERROR WP_Error Object
(
    [errors] => Array
        (
            [http_request_failed] => Array
                (
                    [0] => cURL error 60: SSL certificate problem: unable to get local issuer certificate
                )

        )

    [error_data] => Array
        (
        )

    [additional_data:protected] => Array
        (
        )

)

2024-04-10T10:59:15+00:00 ERROR Error getting data feed
2024-04-10T10:59:15+00:00 ERROR WP_Error Object
(
    [errors] => Array
        (
            [http_request_failed] => Array
                (
                    [0] => cURL error 60: SSL certificate problem: unable to get local issuer certificate
                )

        )

    [error_data] => Array
        (
        )

    [additional_data:protected] => Array
        (
        )

)

2024-04-10T11:10:56+00:00 ERROR Error getting data feed
2024-04-10T11:10:56+00:00 ERROR WP_Error Object
(
    [errors] => Array
        (
            [http_request_failed] => Array
                (
                    [0] => cURL error 60: SSL certificate problem: unable to get local issuer certificate
                )

        )

    [error_data] => Array
        (
        )

    [additional_data:protected] => Array
        (
        )

)

2024-04-10T11:10:56+00:00 ERROR Error getting data feed
2024-04-10T11:10:56+00:00 ERROR WP_Error Object
(
    [errors] => Array
        (
            [http_request_failed] => Array
                (
                    [0] => cURL error 60: SSL certificate problem: unable to get local issuer certificate
                )

        )

    [error_data] => Array
        (
        )

    [additional_data:protected] => Array
        (
        )

)

2024-04-10T11:10:56+00:00 ERROR Error getting data feed
2024-04-10T11:10:56+00:00 ERROR WP_Error Object
(
    [errors] => Array
        (
            [http_request_failed] => Array
                (
                    [0] => cURL error 60: SSL certificate problem: unable to get local issuer certificate
                )

        )

    [error_data] => Array
        (
        )

    [additional_data:protected] => Array
        (
        )

)

2024-04-10T11:10:56+00:00 ERROR Error getting data feed
2024-04-10T11:10:56+00:00 ERROR WP_Error Object
(
    [errors] => Array
        (
            [http_request_failed] => Array
                (
                    [0] => cURL error 60: SSL certificate problem: unable to get local issuer certificate
                )

        )

    [error_data] => Array
        (
        )

    [additional_data:protected] => Array
        (
        )

)

2024-04-10T11:10:59+00:00 ERROR Error getting data feed
2024-04-10T11:10:59+00:00 ERROR WP_Error Object
(
    [errors] => Array
        (
            [http_request_failed] => Array
                (
                    [0] => cURL error 60: SSL certificate problem: unable to get local issuer certificate
                )

        )

    [error_data] => Array
        (
        )

    [additional_data:protected] => Array
        (
        )

)

2024-04-10T11:10:59+00:00 ERROR Error getting data feed
2024-04-10T11:10:59+00:00 ERROR WP_Error Object
(
    [errors] => Array
        (
            [http_request_failed] => Array
                (
                    [0] => cURL error 60: SSL certificate problem: unable to get local issuer certificate
                )

        )

    [error_data] => Array
        (
        )

    [additional_data:protected] => Array
        (
        )

)

2024-04-10T11:11:07+00:00 ERROR Error getting data feed
2024-04-10T11:11:07+00:00 ERROR WP_Error Object
(
    [errors] => Array
        (
            [http_request_failed] => Array
                (
                    [0] => cURL error 60: SSL certificate problem: unable to get local issuer certificate
                )

        )

    [error_data] => Array
        (
        )

    [additional_data:protected] => Array
        (
        )

)

2024-04-10T11:11:07+00:00 ERROR Error getting data feed
2024-04-10T11:11:07+00:00 ERROR WP_Error Object
(
    [errors] => Array
        (
            [http_request_failed] => Array
                (
                    [0] => cURL error 60: SSL certificate problem: unable to get local issuer certificate
                )

        )

    [error_data] => Array
        (
        )

    [additional_data:protected] => Array
        (
        )

)

2024-04-10T11:11:08+00:00 ERROR Error getting data feed
2024-04-10T11:11:08+00:00 ERROR WP_Error Object
(
    [errors] => Array
        (
            [http_request_failed] => Array
                (
                    [0] => cURL error 60: SSL certificate problem: unable to get local issuer certificate
                )

        )

    [error_data] => Array
        (
        )

    [additional_data:protected] => Array
        (
        )

)

2024-04-10T11:11:08+00:00 ERROR Error getting data feed
2024-04-10T11:11:08+00:00 ERROR WP_Error Object
(
    [errors] => Array
        (
            [http_request_failed] => Array
                (
                    [0] => cURL error 60: SSL certificate problem: unable to get local issuer certificate
                )

        )

    [error_data] => Array
        (
        )

    [additional_data:protected] => Array
        (
        )

)

2024-04-10T11:11:08+00:00 ERROR Error getting data feed
2024-04-10T11:11:08+00:00 ERROR WP_Error Object
(
    [errors] => Array
        (
            [http_request_failed] => Array
                (
                    [0] => cURL error 60: SSL certificate problem: unable to get local issuer certificate
                )

        )

    [error_data] => Array
        (
        )

    [additional_data:protected] => Array
        (
        )

)

2024-04-10T11:11:08+00:00 ERROR Error getting data feed
2024-04-10T11:11:08+00:00 ERROR WP_Error Object
(
    [errors] => Array
        (
            [http_request_failed] => Array
                (
                    [0] => cURL error 60: SSL certificate problem: unable to get local issuer certificate
                )

        )

    [error_data] => Array
        (
        )

    [additional_data:protected] => Array
        (
        )

)

2024-04-10T11:11:08+00:00 ERROR Error getting data feed
2024-04-10T11:11:08+00:00 ERROR WP_Error Object
(
    [errors] => Array
        (
            [http_request_failed] => Array
                (
                    [0] => cURL error 60: SSL certificate problem: unable to get local issuer certificate
                )

        )

    [error_data] => Array
        (
        )

    [additional_data:protected] => Array
        (
        )

)

2024-04-10T11:11:08+00:00 ERROR Error getting data feed
2024-04-10T11:11:08+00:00 ERROR WP_Error Object
(
    [errors] => Array
        (
            [http_request_failed] => Array
                (
                    [0] => cURL error 60: SSL certificate problem: unable to get local issuer certificate
                )

        )

    [error_data] => Array
        (
        )

    [additional_data:protected] => Array
        (
        )

)

2024-04-10T11:11:08+00:00 ERROR Error getting data feed
2024-04-10T11:11:08+00:00 ERROR WP_Error Object
(
    [errors] => Array
        (
            [http_request_failed] => Array
                (
                    [0] => cURL error 60: SSL certificate problem: unable to get local issuer certificate
                )

        )

    [error_data] => Array
        (
        )

    [additional_data:protected] => Array
        (
        )

)

2024-04-10T11:14:24+00:00 ERROR Error getting data feed
2024-04-10T11:14:24+00:00 ERROR WP_Error Object
(
    [errors] => Array
        (
            [http_request_failed] => Array
                (
                    [0] => cURL error 60: SSL certificate problem: unable to get local issuer certificate
                )

        )

    [error_data] => Array
        (
        )

    [additional_data:protected] => Array
        (
        )

)

2024-04-10T11:14:24+00:00 ERROR Error getting data feed
2024-04-10T11:14:24+00:00 ERROR WP_Error Object
(
    [errors] => Array
        (
            [http_request_failed] => Array
                (
                    [0] => cURL error 60: SSL certificate problem: unable to get local issuer certificate
                )

        )

    [error_data] => Array
        (
        )

    [additional_data:protected] => Array
        (
        )

)

2024-04-10T11:14:24+00:00 ERROR Error getting data feed
2024-04-10T11:14:24+00:00 ERROR WP_Error Object
(
    [errors] => Array
        (
            [http_request_failed] => Array
                (
                    [0] => cURL error 60: SSL certificate problem: unable to get local issuer certificate
                )

        )

    [error_data] => Array
        (
        )

    [additional_data:protected] => Array
        (
        )

)

2024-04-10T11:14:24+00:00 ERROR Error getting data feed
2024-04-10T11:14:24+00:00 ERROR WP_Error Object
(
    [errors] => Array
        (
            [http_request_failed] => Array
                (
                    [0] => cURL error 60: SSL certificate problem: unable to get local issuer certificate
                )

        )

    [error_data] => Array
        (
        )

    [additional_data:protected] => Array
        (
        )

)

2024-04-10T11:14:25+00:00 ERROR Error getting data feed
2024-04-10T11:14:25+00:00 ERROR WP_Error Object
(
    [errors] => Array
        (
            [http_request_failed] => Array
                (
                    [0] => cURL error 60: SSL certificate problem: unable to get local issuer certificate
                )

        )

    [error_data] => Array
        (
        )

    [additional_data:protected] => Array
        (
        )

)

2024-04-10T11:14:26+00:00 ERROR Error getting data feed
2024-04-10T11:14:26+00:00 ERROR WP_Error Object
(
    [errors] => Array
        (
            [http_request_failed] => Array
                (
                    [0] => cURL error 60: SSL certificate problem: unable to get local issuer certificate
                )

        )

    [error_data] => Array
        (
        )

    [additional_data:protected] => Array
        (
        )

)

2024-04-10T11:14:32+00:00 ERROR Error getting data feed
2024-04-10T11:14:32+00:00 ERROR WP_Error Object
(
    [errors] => Array
        (
            [http_request_failed] => Array
                (
                    [0] => cURL error 60: SSL certificate problem: unable to get local issuer certificate
                )

        )

    [error_data] => Array
        (
        )

    [additional_data:protected] => Array
        (
        )

)

2024-04-10T11:14:32+00:00 ERROR Error getting data feed
2024-04-10T11:14:32+00:00 ERROR WP_Error Object
(
    [errors] => Array
        (
            [http_request_failed] => Array
                (
                    [0] => cURL error 60: SSL certificate problem: unable to get local issuer certificate
                )

        )

    [error_data] => Array
        (
        )

    [additional_data:protected] => Array
        (
        )

)

2024-04-10T11:14:32+00:00 ERROR Error getting data feed
2024-04-10T11:14:32+00:00 ERROR WP_Error Object
(
    [errors] => Array
        (
            [http_request_failed] => Array
                (
                    [0] => cURL error 60: SSL certificate problem: unable to get local issuer certificate
                )

        )

    [error_data] => Array
        (
        )

    [additional_data:protected] => Array
        (
        )

)

2024-04-10T11:14:32+00:00 ERROR Error getting data feed
2024-04-10T11:14:32+00:00 ERROR WP_Error Object
(
    [errors] => Array
        (
            [http_request_failed] => Array
                (
                    [0] => cURL error 60: SSL certificate problem: unable to get local issuer certificate
                )

        )

    [error_data] => Array
        (
        )

    [additional_data:protected] => Array
        (
        )

)

2024-04-10T11:14:33+00:00 ERROR Error getting data feed
2024-04-10T11:14:33+00:00 ERROR WP_Error Object
(
    [errors] => Array
        (
            [http_request_failed] => Array
                (
                    [0] => cURL error 60: SSL certificate problem: unable to get local issuer certificate
                )

        )

    [error_data] => Array
        (
        )

    [additional_data:protected] => Array
        (
        )

)

2024-04-10T11:14:33+00:00 ERROR Error getting data feed
2024-04-10T11:14:33+00:00 ERROR WP_Error Object
(
    [errors] => Array
        (
            [http_request_failed] => Array
                (
                    [0] => cURL error 60: SSL certificate problem: unable to get local issuer certificate
                )

        )

    [error_data] => Array
        (
        )

    [additional_data:protected] => Array
        (
        )

)

2024-04-10T11:14:33+00:00 ERROR Error getting data feed
2024-04-10T11:14:33+00:00 ERROR WP_Error Object
(
    [errors] => Array
        (
            [http_request_failed] => Array
                (
                    [0] => cURL error 60: SSL certificate problem: unable to get local issuer certificate
                )

        )

    [error_data] => Array
        (
        )

    [additional_data:protected] => Array
        (
        )

)

2024-04-10T11:14:33+00:00 ERROR Error getting data feed
2024-04-10T11:14:33+00:00 ERROR WP_Error Object
(
    [errors] => Array
        (
            [http_request_failed] => Array
                (
                    [0] => cURL error 60: SSL certificate problem: unable to get local issuer certificate
                )

        )

    [error_data] => Array
        (
        )

    [additional_data:protected] => Array
        (
        )

)

2024-04-10T11:14:33+00:00 ERROR Error getting data feed
2024-04-10T11:14:33+00:00 ERROR WP_Error Object
(
    [errors] => Array
        (
            [http_request_failed] => Array
                (
                    [0] => cURL error 60: SSL certificate problem: unable to get local issuer certificate
                )

        )

    [error_data] => Array
        (
        )

    [additional_data:protected] => Array
        (
        )

)

2024-04-10T11:14:36+00:00 ERROR Error getting data feed
2024-04-10T11:14:36+00:00 ERROR WP_Error Object
(
    [errors] => Array
        (
            [http_request_failed] => Array
                (
                    [0] => cURL error 60: SSL certificate problem: unable to get local issuer certificate
                )

        )

    [error_data] => Array
        (
        )

    [additional_data:protected] => Array
        (
        )

)

2024-04-10T11:14:36+00:00 ERROR Error getting data feed
2024-04-10T11:14:36+00:00 ERROR WP_Error Object
(
    [errors] => Array
        (
            [http_request_failed] => Array
                (
                    [0] => cURL error 60: SSL certificate problem: unable to get local issuer certificate
                )

        )

    [error_data] => Array
        (
        )

    [additional_data:protected] => Array
        (
        )

)

2024-04-10T11:14:36+00:00 ERROR Error getting data feed
2024-04-10T11:14:36+00:00 ERROR WP_Error Object
(
    [errors] => Array
        (
            [http_request_failed] => Array
                (
                    [0] => cURL error 60: SSL certificate problem: unable to get local issuer certificate
                )

        )

    [error_data] => Array
        (
        )

    [additional_data:protected] => Array
        (
        )

)

2024-04-10T11:14:37+00:00 ERROR Error getting data feed
2024-04-10T11:14:37+00:00 ERROR WP_Error Object
(
    [errors] => Array
        (
            [http_request_failed] => Array
                (
                    [0] => cURL error 60: SSL certificate problem: unable to get local issuer certificate
                )

        )

    [error_data] => Array
        (
        )

    [additional_data:protected] => Array
        (
        )

)

2024-04-10T11:14:38+00:00 ERROR Error getting data feed
2024-04-10T11:14:38+00:00 ERROR WP_Error Object
(
    [errors] => Array
        (
            [http_request_failed] => Array
                (
                    [0] => cURL error 60: SSL certificate problem: unable to get local issuer certificate
                )

        )

    [error_data] => Array
        (
        )

    [additional_data:protected] => Array
        (
        )

)

2024-04-10T11:14:38+00:00 ERROR Error getting data feed
2024-04-10T11:14:38+00:00 ERROR WP_Error Object
(
    [errors] => Array
        (
            [http_request_failed] => Array
                (
                    [0] => cURL error 60: SSL certificate problem: unable to get local issuer certificate
                )

        )

    [error_data] => Array
        (
        )

    [additional_data:protected] => Array
        (
        )

)

2024-04-10T11:14:46+00:00 ERROR Error getting data feed
2024-04-10T11:14:46+00:00 ERROR WP_Error Object
(
    [errors] => Array
        (
            [http_request_failed] => Array
                (
                    [0] => cURL error 60: SSL certificate problem: unable to get local issuer certificate
                )

        )

    [error_data] => Array
        (
        )

    [additional_data:protected] => Array
        (
        )

)

2024-04-10T11:14:46+00:00 ERROR Error getting data feed
2024-04-10T11:14:46+00:00 ERROR WP_Error Object
(
    [errors] => Array
        (
            [http_request_failed] => Array
                (
                    [0] => cURL error 60: SSL certificate problem: unable to get local issuer certificate
                )

        )

    [error_data] => Array
        (
        )

    [additional_data:protected] => Array
        (
        )

)

2024-04-10T11:14:46+00:00 ERROR Error getting data feed
2024-04-10T11:14:46+00:00 ERROR WP_Error Object
(
    [errors] => Array
        (
            [http_request_failed] => Array
                (
                    [0] => cURL error 60: SSL certificate problem: unable to get local issuer certificate
                )

        )

    [error_data] => Array
        (
        )

    [additional_data:protected] => Array
        (
        )

)

2024-04-10T11:14:46+00:00 ERROR Error getting data feed
2024-04-10T11:14:46+00:00 ERROR WP_Error Object
(
    [errors] => Array
        (
            [http_request_failed] => Array
                (
                    [0] => cURL error 60: SSL certificate problem: unable to get local issuer certificate
                )

        )

    [error_data] => Array
        (
        )

    [additional_data:protected] => Array
        (
        )

)

2024-04-10T11:14:47+00:00 ERROR Error getting data feed
2024-04-10T11:14:47+00:00 ERROR WP_Error Object
(
    [errors] => Array
        (
            [http_request_failed] => Array
                (
                    [0] => cURL error 60: SSL certificate problem: unable to get local issuer certificate
                )

        )

    [error_data] => Array
        (
        )

    [additional_data:protected] => Array
        (
        )

)

2024-04-10T11:14:47+00:00 ERROR Error getting data feed
2024-04-10T11:14:47+00:00 ERROR WP_Error Object
(
    [errors] => Array
        (
            [http_request_failed] => Array
                (
                    [0] => cURL error 60: SSL certificate problem: unable to get local issuer certificate
                )

        )

    [error_data] => Array
        (
        )

    [additional_data:protected] => Array
        (
        )

)

2024-04-10T11:14:47+00:00 ERROR Error getting data feed
2024-04-10T11:14:47+00:00 ERROR WP_Error Object
(
    [errors] => Array
        (
            [http_request_failed] => Array
                (
                    [0] => cURL error 60: SSL certificate problem: unable to get local issuer certificate
                )

        )

    [error_data] => Array
        (
        )

    [additional_data:protected] => Array
        (
        )

)

2024-04-10T11:14:47+00:00 ERROR Error getting data feed
2024-04-10T11:14:47+00:00 ERROR WP_Error Object
(
    [errors] => Array
        (
            [http_request_failed] => Array
                (
                    [0] => cURL error 60: SSL certificate problem: unable to get local issuer certificate
                )

        )

    [error_data] => Array
        (
        )

    [additional_data:protected] => Array
        (
        )

)

2024-04-10T11:14:47+00:00 ERROR Error getting data feed
2024-04-10T11:14:47+00:00 ERROR WP_Error Object
(
    [errors] => Array
        (
            [http_request_failed] => Array
                (
                    [0] => cURL error 60: SSL certificate problem: unable to get local issuer certificate
                )

        )

    [error_data] => Array
        (
        )

    [additional_data:protected] => Array
        (
        )

)

2024-04-10T11:14:48+00:00 ERROR Error getting data feed
2024-04-10T11:14:48+00:00 ERROR WP_Error Object
(
    [errors] => Array
        (
            [http_request_failed] => Array
                (
                    [0] => cURL error 60: SSL certificate problem: unable to get local issuer certificate
                )

        )

    [error_data] => Array
        (
        )

    [additional_data:protected] => Array
        (
        )

)

2024-04-10T11:14:48+00:00 ERROR Error getting data feed
2024-04-10T11:14:48+00:00 ERROR WP_Error Object
(
    [errors] => Array
        (
            [http_request_failed] => Array
                (
                    [0] => cURL error 60: SSL certificate problem: unable to get local issuer certificate
                )

        )

    [error_data] => Array
        (
        )

    [additional_data:protected] => Array
        (
        )

)

2024-04-10T11:14:48+00:00 ERROR Error getting data feed
2024-04-10T11:14:48+00:00 ERROR WP_Error Object
(
    [errors] => Array
        (
            [http_request_failed] => Array
                (
                    [0] => cURL error 60: SSL certificate problem: unable to get local issuer certificate
                )

        )

    [error_data] => Array
        (
        )

    [additional_data:protected] => Array
        (
        )

)

2024-04-10T11:14:48+00:00 ERROR Error getting data feed
2024-04-10T11:14:48+00:00 ERROR WP_Error Object
(
    [errors] => Array
        (
            [http_request_failed] => Array
                (
                    [0] => cURL error 60: SSL certificate problem: unable to get local issuer certificate
                )

        )

    [error_data] => Array
        (
        )

    [additional_data:protected] => Array
        (
        )

)

2024-04-10T11:14:50+00:00 ERROR Error getting data feed
2024-04-10T11:14:50+00:00 ERROR WP_Error Object
(
    [errors] => Array
        (
            [http_request_failed] => Array
                (
                    [0] => cURL error 60: SSL certificate problem: unable to get local issuer certificate
                )

        )

    [error_data] => Array
        (
        )

    [additional_data:protected] => Array
        (
        )

)

2024-04-10T11:14:50+00:00 ERROR Error getting data feed
2024-04-10T11:14:50+00:00 ERROR WP_Error Object
(
    [errors] => Array
        (
            [http_request_failed] => Array
                (
                    [0] => cURL error 60: SSL certificate problem: unable to get local issuer certificate
                )

        )

    [error_data] => Array
        (
        )

    [additional_data:protected] => Array
        (
        )

)

2024-04-10T11:14:55+00:00 ERROR Error getting data feed
2024-04-10T11:14:55+00:00 ERROR WP_Error Object
(
    [errors] => Array
        (
            [http_request_failed] => Array
                (
                    [0] => cURL error 60: SSL certificate problem: unable to get local issuer certificate
                )

        )

    [error_data] => Array
        (
        )

    [additional_data:protected] => Array
        (
        )

)

2024-04-10T11:14:55+00:00 ERROR Error getting data feed
2024-04-10T11:14:55+00:00 ERROR WP_Error Object
(
    [errors] => Array
        (
            [http_request_failed] => Array
                (
                    [0] => cURL error 60: SSL certificate problem: unable to get local issuer certificate
                )

        )

    [error_data] => Array
        (
        )

    [additional_data:protected] => Array
        (
        )

)

2024-04-10T11:14:56+00:00 ERROR Error getting data feed
2024-04-10T11:14:56+00:00 ERROR WP_Error Object
(
    [errors] => Array
        (
            [http_request_failed] => Array
                (
                    [0] => cURL error 60: SSL certificate problem: unable to get local issuer certificate
                )

        )

    [error_data] => Array
        (
        )

    [additional_data:protected] => Array
        (
        )

)

2024-04-10T11:14:56+00:00 ERROR Error getting data feed
2024-04-10T11:14:56+00:00 ERROR WP_Error Object
(
    [errors] => Array
        (
            [http_request_failed] => Array
                (
                    [0] => cURL error 60: SSL certificate problem: unable to get local issuer certificate
                )

        )

    [error_data] => Array
        (
        )

    [additional_data:protected] => Array
        (
        )

)

2024-04-10T11:14:56+00:00 ERROR Error getting data feed
2024-04-10T11:14:56+00:00 ERROR WP_Error Object
(
    [errors] => Array
        (
            [http_request_failed] => Array
                (
                    [0] => cURL error 60: SSL certificate problem: unable to get local issuer certificate
                )

        )

    [error_data] => Array
        (
        )

    [additional_data:protected] => Array
        (
        )

)

2024-04-10T11:14:56+00:00 ERROR Error getting data feed
2024-04-10T11:14:56+00:00 ERROR WP_Error Object
(
    [errors] => Array
        (
            [http_request_failed] => Array
                (
                    [0] => cURL error 60: SSL certificate problem: unable to get local issuer certificate
                )

        )

    [error_data] => Array
        (
        )

    [additional_data:protected] => Array
        (
        )

)

2024-04-10T11:14:56+00:00 ERROR Error getting data feed
2024-04-10T11:14:56+00:00 ERROR WP_Error Object
(
    [errors] => Array
        (
            [http_request_failed] => Array
                (
                    [0] => cURL error 60: SSL certificate problem: unable to get local issuer certificate
                )

        )

    [error_data] => Array
        (
        )

    [additional_data:protected] => Array
        (
        )

)

2024-04-10T11:14:56+00:00 ERROR Error getting data feed
2024-04-10T11:14:56+00:00 ERROR WP_Error Object
(
    [errors] => Array
        (
            [http_request_failed] => Array
                (
                    [0] => cURL error 60: SSL certificate problem: unable to get local issuer certificate
                )

        )

    [error_data] => Array
        (
        )

    [additional_data:protected] => Array
        (
        )

)

2024-04-10T11:14:57+00:00 ERROR Error getting data feed
2024-04-10T11:14:57+00:00 ERROR WP_Error Object
(
    [errors] => Array
        (
            [http_request_failed] => Array
                (
                    [0] => cURL error 60: SSL certificate problem: unable to get local issuer certificate
                )

        )

    [error_data] => Array
        (
        )

    [additional_data:protected] => Array
        (
        )

)

